2021-05-05 15:09:54,407 [Worker-4: Loading available Gradle versions] INFO  o.e.b.c.i.u.g.PublishedGradleVersions - Gradle version information cache is up-to-date. Trying to read.
2021-05-05 15:37:18,467 [Worker-4: Loading available Gradle versions] INFO  o.e.b.c.i.u.g.PublishedGradleVersions - Gradle version information cache is up-to-date. Trying to read.
2021-05-05 15:38:21,558 [Worker-8: 入門コンテンツのインポート] INFO  o.e.m.c.i.l.LifecycleMappingFactory - Using org.eclipse.m2e.jdt.JarLifecycleMapping lifecycle mapping for MavenProject: com.example:animal_hospital:0.0.1-SNAPSHOT @ /Users/iwamotokenji/study/study/animal-hospital/springboot1/animal_hospital/pom.xml.
2021-05-05 15:38:23,419 [Worker-8: 入門コンテンツのインポート] INFO  o.e.m.j.i.AbstractJavaProjectConfigurator - Adding source folder /animal_hospital/src/main/java
2021-05-05 15:38:23,419 [Worker-8: 入門コンテンツのインポート] INFO  o.e.m.j.i.AbstractJavaProjectConfigurator - Adding resource folder /animal_hospital/src/main/resources
2021-05-05 15:38:23,427 [Worker-8: 入門コンテンツのインポート] INFO  o.e.m.j.i.AbstractJavaProjectConfigurator - Adding resource folder /animal_hospital/src/main/resources
2021-05-05 15:38:23,440 [Worker-8: 入門コンテンツのインポート] INFO  o.e.m.j.i.AbstractJavaProjectConfigurator - Adding source folder /animal_hospital/src/test/java
2021-05-05 15:38:25,543 [Worker-8: 入門コンテンツのインポート] INFO  o.e.m.c.i.p.ProjectConfigurationManager - Imported and configured 1 project(s) in 6 sec
2021-05-05 15:38:25,550 [Worker-8: 入門コンテンツのインポート] INFO  o.e.m.c.i.p.ProjectConfigurationManager - Update started
2021-05-05 15:38:26,207 [Worker-8: 入門コンテンツのインポート] INFO  o.e.m.c.i.l.LifecycleMappingFactory - Using org.eclipse.m2e.jdt.JarLifecycleMapping lifecycle mapping for MavenProject: com.example:animal_hospital:0.0.1-SNAPSHOT @ /Users/iwamotokenji/study/study/animal-hospital/springboot1/animal_hospital/pom.xml.
2021-05-05 15:38:26,665 [Worker-8: 入門コンテンツのインポート] INFO  o.e.m.j.i.AbstractJavaProjectConfigurator - Adding source folder /animal_hospital/src/main/java
2021-05-05 15:38:26,666 [Worker-8: 入門コンテンツのインポート] INFO  o.e.m.j.i.AbstractJavaProjectConfigurator - Adding resource folder /animal_hospital/src/main/resources
2021-05-05 15:38:26,667 [Worker-8: 入門コンテンツのインポート] INFO  o.e.m.j.i.AbstractJavaProjectConfigurator - Adding resource folder /animal_hospital/src/main/resources
2021-05-05 15:38:26,669 [Worker-8: 入門コンテンツのインポート] INFO  o.e.m.j.i.AbstractJavaProjectConfigurator - Adding source folder /animal_hospital/src/test/java
2021-05-05 15:38:27,770 [Worker-8: 入門コンテンツのインポート] INFO  o.e.m.c.i.p.ProjectConfigurationManager - Update completed: 2 sec
2021-05-05 15:38:29,224 [Worker-7: ビルド] INFO  o.e.m.c.i.embedder.EclipseLogger - Using 'UTF-8' encoding to copy filtered resources.
2021-05-05 15:38:29,225 [Worker-7: ビルド] INFO  o.e.m.c.i.embedder.EclipseLogger - Using 'UTF-8' encoding to copy filtered properties files.
2021-05-05 15:38:29,234 [Worker-7: ビルド] INFO  o.e.m.c.i.embedder.EclipseLogger - Copying 1 resource
2021-05-05 15:38:29,260 [Worker-7: ビルド] INFO  o.e.m.c.i.embedder.EclipseLogger - Copying 0 resource
2021-05-05 15:38:29,265 [Worker-7: ビルド] INFO  o.e.m.c.i.embedder.EclipseLogger - Using 'UTF-8' encoding to copy filtered resources.
2021-05-05 15:38:29,265 [Worker-7: ビルド] INFO  o.e.m.c.i.embedder.EclipseLogger - Using 'UTF-8' encoding to copy filtered properties files.
2021-05-05 15:38:29,265 [Worker-7: ビルド] INFO  o.e.m.c.i.embedder.EclipseLogger - skip non existing resourceDirectory /Users/iwamotokenji/study/study/animal-hospital/springboot1/animal_hospital/src/test/resources
2021-05-05 15:39:16,187 [Worker-2: ビルド] INFO  o.e.m.c.i.embedder.EclipseLogger - Using 'UTF-8' encoding to copy filtered resources.
2021-05-05 15:39:16,188 [Worker-2: ビルド] INFO  o.e.m.c.i.embedder.EclipseLogger - Using 'UTF-8' encoding to copy filtered properties files.
2021-05-05 15:39:16,193 [Worker-2: ビルド] INFO  o.e.m.c.i.embedder.EclipseLogger - Copying 1 resource
2021-05-05 15:39:16,220 [Worker-2: ビルド] INFO  o.e.m.c.i.embedder.EclipseLogger - Copying 0 resource
2021-05-05 15:39:16,224 [Worker-2: ビルド] INFO  o.e.m.c.i.embedder.EclipseLogger - Using 'UTF-8' encoding to copy filtered resources.
2021-05-05 15:39:16,225 [Worker-2: ビルド] INFO  o.e.m.c.i.embedder.EclipseLogger - Using 'UTF-8' encoding to copy filtered properties files.
2021-05-05 15:39:16,225 [Worker-2: ビルド] INFO  o.e.m.c.i.embedder.EclipseLogger - skip non existing resourceDirectory /Users/iwamotokenji/study/study/animal-hospital/springboot1/animal_hospital/src/test/resources
